2021-06-09 21:57:15,657 INFO notifyConnectTimeout:200

2021-06-09 21:57:15,657 INFO notifySocketTimeout:8000

2021-06-09 21:57:15,672 INFO isHealthCheck:true

2021-06-09 21:57:15,672 INFO maxHealthCheckFailCount:12

2021-06-09 21:57:15,672 INFO maxContent:10485760

2021-06-09 21:57:16,938 INFO Schema 'NACOS' already exists.

2021-06-09 21:57:17,001 INFO Table/View 'CONFIG_INFO' already exists in Schema 'NACOS'.

2021-06-09 21:57:17,063 INFO Table/View 'HIS_CONFIG_INFO' already exists in Schema 'NACOS'.

2021-06-09 21:57:17,079 INFO Table/View 'CONFIG_INFO_BETA' already exists in Schema 'NACOS'.

2021-06-09 21:57:17,094 INFO Table/View 'CONFIG_INFO_TAG' already exists in Schema 'NACOS'.

2021-06-09 21:57:17,110 INFO Table/View 'CONFIG_INFO_AGGR' already exists in Schema 'NACOS'.

2021-06-09 21:57:17,126 INFO Table/View 'APP_LIST' already exists in Schema 'NACOS'.

2021-06-09 21:57:17,141 INFO Table/View 'APP_CONFIGDATA_RELATION_SUBS' already exists in Schema 'NACOS'.

2021-06-09 21:57:17,157 INFO Table/View 'APP_CONFIGDATA_RELATION_PUBS' already exists in Schema 'NACOS'.

2021-06-09 21:57:17,172 INFO Table/View 'CONFIG_TAGS_RELATION' already exists in Schema 'NACOS'.

2021-06-09 21:57:17,188 INFO Table/View 'GROUP_CAPACITY' already exists in Schema 'NACOS'.

2021-06-09 21:57:17,188 INFO Table/View 'TENANT_CAPACITY' already exists in Schema 'NACOS'.

2021-06-09 21:57:17,204 INFO Table/View 'TENANT_INFO' already exists in Schema 'NACOS'.

2021-06-09 21:57:17,219 INFO Table/View 'USERS' already exists in Schema 'NACOS'.

2021-06-09 21:57:17,235 INFO Table/View 'ROLES' already exists in Schema 'NACOS'.

2021-06-09 21:57:17,344 INFO The statement was aborted because it would have caused a duplicate key value in a unique or primary key constraint or unique index identified by 'SQL210409173513910' defined on 'USERS'.

2021-06-09 21:57:18,094 INFO ServerListService address-server port:8848

2021-06-09 21:57:18,094 INFO ADDRESS_SERVER_URL:http://jmenv.tbsite.net:8080/nacos/serverlist

2021-06-09 21:57:18,094 WARN [serverlist] updated to [10.138.52.158]

2021-06-09 21:57:18,204 WARN DumpService start

2021-06-09 21:57:18,204 INFO start clear all config-info.

2021-06-09 21:57:18,219 WARN clear all config-info failed.

2021-06-09 21:57:18,219 WARN clear all config-info-tenant failed.

2021-06-09 21:57:18,376 INFO [all-dump] 14 / 14

2021-06-09 21:57:18,376 INFO start clear all config-info-beta.

2021-06-09 21:57:18,376 WARN clear all config-info-beta failed.

2021-06-09 21:57:18,376 WARN clear all config-info-beta-tenant failed.

2021-06-09 21:57:18,407 INFO start clear all config-info-tag.

2021-06-09 21:57:18,407 WARN clear all config-info-tag failed.

2021-06-09 21:57:18,407 WARN clear all config-info-tag-tenant failed.

