2021-06-09 21:57:10,301 INFO Starting Nacos v1.1.3 on LAPTOP-EG91H1F8 with PID 14872 (C:\Users\HAOLIANG\Desktop\nacos-server-1.1.3\nacos\target\nacos-server.jar started by HAOLIANG in C:\Users\HAOLIANG\Desktop\nacos-server-1.1.3\nacos\bin)

2021-06-09 21:57:10,301 INFO The following profiles are active: standalone

2021-06-09 21:57:12,656 INFO Bean 'org.springframework.security.config.annotation.configuration.ObjectPostProcessorConfiguration' of type [org.springframework.security.config.annotation.configuration.ObjectPostProcessorConfiguration$$EnhancerBySpringCGLIB$$843504bf] is not eligible for getting processed by all BeanPostProcessors (for example: not eligible for auto-proxying)

2021-06-09 21:57:12,766 INFO Bean 'objectPostProcessor' of type [org.springframework.security.config.annotation.configuration.AutowireBeanFactoryObjectPostProcessor] is not eligible for getting processed by all BeanPostProcessors (for example: not eligible for auto-proxying)

2021-06-09 21:57:12,766 INFO Bean 'org.springframework.security.access.expression.method.DefaultMethodSecurityExpressionHandler@3e8c3cb' of type [org.springframework.security.access.expression.method.DefaultMethodSecurityExpressionHandler] is not eligible for getting processed by all BeanPostProcessors (for example: not eligible for auto-proxying)

2021-06-09 21:57:12,766 INFO Bean 'org.springframework.security.config.annotation.method.configuration.GlobalMethodSecurityConfiguration' of type [org.springframework.security.config.annotation.method.configuration.GlobalMethodSecurityConfiguration$$EnhancerBySpringCGLIB$$a909a771] is not eligible for getting processed by all BeanPostProcessors (for example: not eligible for auto-proxying)

2021-06-09 21:57:12,781 INFO Bean 'methodSecurityMetadataSource' of type [org.springframework.security.access.method.DelegatingMethodSecurityMetadataSource] is not eligible for getting processed by all BeanPostProcessors (for example: not eligible for auto-proxying)

2021-06-09 21:57:13,803 INFO Tomcat initialized with port(s): 8848 (http)

2021-06-09 21:57:13,850 INFO Starting service [Tomcat]

2021-06-09 21:57:13,866 INFO Starting Servlet Engine: Apache Tomcat/9.0.13

2021-06-09 21:57:13,881 INFO The APR based Apache Tomcat Native library which allows optimal performance in production environments was not found on the java.library.path: [C:\Program Files\Java\jdk-8\bin;C:\Windows\Sun\Java\bin;C:\Windows\system32;C:\Windows;C:\Program Files\Java\jdk-8\bin;D:\Maven\apache-maven-3.2.2\bin;C:\Program Files (x86)\Common Files\Oracle\Java\javapath;C:\Windows\system32;C:\Windows;C:\Windows\System32\Wbem;C:\Windows\System32\WindowsPowerShell\v1.0\;C:\Windows\System32\OpenSSH\;C:\Program Files\MySQL\MySQL Server 8.0\bin;D:\Git\cmd;D:\Nodejs\;C:\Users\HAOLIANG\AppData\Local\Microsoft\WindowsApps;;D:\Microsoft VS Code\bin;C:\Users\HAOLIANG\AppData\Roaming\npm;.]

2021-06-09 21:57:14,132 INFO Initializing Spring embedded WebApplicationContext

2021-06-09 21:57:14,132 INFO Root WebApplicationContext: initialization completed in 3768 ms

2021-06-09 21:57:18,469 INFO Use Mysql as the driver

2021-06-09 21:57:19,205 INFO Initializing ExecutorService 'applicationTaskExecutor'

2021-06-09 21:57:19,456 INFO Adding welcome page: class path resource [static/index.html]

2021-06-09 21:57:19,893 INFO Creating filter chain: Ant [pattern='/'], []

2021-06-09 21:57:19,893 INFO Creating filter chain: Ant [pattern='/**/*.css'], []

2021-06-09 21:57:19,893 INFO Creating filter chain: Ant [pattern='/**/*.js'], []

2021-06-09 21:57:19,909 INFO Creating filter chain: Ant [pattern='/**/*.html'], []

2021-06-09 21:57:19,909 INFO Creating filter chain: Ant [pattern='/**/*.map'], []

2021-06-09 21:57:19,909 INFO Creating filter chain: Ant [pattern='/**/*.svg'], []

2021-06-09 21:57:19,909 INFO Creating filter chain: Ant [pattern='/**/*.png'], []

2021-06-09 21:57:19,909 INFO Creating filter chain: Ant [pattern='/**/*.ico'], []

2021-06-09 21:57:19,909 INFO Creating filter chain: Ant [pattern='/console-fe/public/**'], []

2021-06-09 21:57:19,909 INFO Creating filter chain: Ant [pattern='/v1/auth/login'], []

2021-06-09 21:57:19,909 INFO Creating filter chain: Ant [pattern='/v1/console/health/**'], []

2021-06-09 21:57:19,909 INFO Creating filter chain: Ant [pattern='/v1/cs/**'], []

2021-06-09 21:57:19,909 INFO Creating filter chain: Ant [pattern='/v1/ns/**'], []

2021-06-09 21:57:19,909 INFO Creating filter chain: Ant [pattern='/v1/cmdb/**'], []

2021-06-09 21:57:19,909 INFO Creating filter chain: Ant [pattern='/actuator/**'], []

2021-06-09 21:57:19,909 INFO Creating filter chain: Ant [pattern='/v1/console/server/**'], []

2021-06-09 21:57:19,940 INFO Creating filter chain: any request, [org.springframework.security.web.context.request.async.WebAsyncManagerIntegrationFilter@1698fc68, org.springframework.security.web.context.SecurityContextPersistenceFilter@4a891c97, org.springframework.security.web.header.HeaderWriterFilter@3382f8ae, org.springframework.security.web.authentication.logout.LogoutFilter@16746061, com.alibaba.nacos.console.filter.JwtAuthenticationTokenFilter@4504d271, org.springframework.security.web.savedrequest.RequestCacheAwareFilter@4d18aa28, org.springframework.security.web.servletapi.SecurityContextHolderAwareRequestFilter@2313052e, org.springframework.security.web.authentication.AnonymousAuthenticationFilter@207b8649, org.springframework.security.web.session.SessionManagementFilter@75f65e45, org.springframework.security.web.access.ExceptionTranslationFilter@5dd91bca, org.springframework.security.web.access.intercept.FilterSecurityInterceptor@20a8a64e]

2021-06-09 21:57:19,987 INFO Exposing 2 endpoint(s) beneath base path '/actuator'

2021-06-09 21:57:20,018 INFO Initializing ExecutorService 'taskScheduler'

2021-06-09 21:57:20,128 INFO Tomcat started on port(s): 8848 (http) with context path '/nacos'

2021-06-09 21:57:20,128 INFO Started Nacos in 11.221 seconds (JVM running for 11.911)

2021-06-09 21:57:20,128 INFO Nacos Log files: C:\Users\HAOLIANG\Desktop\nacos-server-1.1.3\nacos/logs/

2021-06-09 21:57:20,128 INFO Nacos Conf files: C:\Users\HAOLIANG\Desktop\nacos-server-1.1.3\nacos/conf/

2021-06-09 21:57:20,128 INFO Nacos Data files: C:\Users\HAOLIANG\Desktop\nacos-server-1.1.3\nacos/data/

2021-06-09 21:57:20,143 INFO Nacos started successfully in stand alone mode.

2021-06-09 21:57:20,362 INFO Initializing Spring DispatcherServlet 'dispatcherServlet'

2021-06-09 21:57:20,362 INFO Initializing Servlet 'dispatcherServlet'

2021-06-09 21:57:20,378 INFO Completed initialization in 16 ms

2021-06-09 22:07:18,163 INFO [capacityManagement] start correct usage

2021-06-09 22:07:18,196 INFO [capacityManagement] end correct usage, cost: 0s

2021-06-09 22:07:18,473 WARN clearConfigHistory start

2021-06-09 22:07:18,487 WARN clearConfigHistory, getBeforeStamp:2021-05-10 22:07:18.0, totalCount:16, pageSize:1000, removeTime:1

2021-06-09 22:07:18,545 ERROR clearConfigHistory error

org.springframework.jdbc.UncategorizedSQLException: PreparedStatementCallback; uncategorized SQLException for SQL [delete from his_config_info where gmt_modified < ? OFFSET 0 ROWS FETCH NEXT ? ROWS ONLY]; SQL state [null]; error code [0]; Borrow prepareStatement from pool failed; nested exception is org.apache.commons.dbcp.SQLNestedException: Borrow prepareStatement from pool failed
	at org.springframework.jdbc.support.AbstractFallbackSQLExceptionTranslator.translate(AbstractFallbackSQLExceptionTranslator.java:89)
	at org.springframework.jdbc.support.AbstractFallbackSQLExceptionTranslator.translate(AbstractFallbackSQLExceptionTranslator.java:81)
	at org.springframework.jdbc.support.AbstractFallbackSQLExceptionTranslator.translate(AbstractFallbackSQLExceptionTranslator.java:81)
	at org.springframework.jdbc.core.JdbcTemplate.translateException(JdbcTemplate.java:1444)
	at org.springframework.jdbc.core.JdbcTemplate.execute(JdbcTemplate.java:632)
	at org.springframework.jdbc.core.JdbcTemplate.update(JdbcTemplate.java:862)
	at org.springframework.jdbc.core.JdbcTemplate.update(JdbcTemplate.java:917)
	at org.springframework.jdbc.core.JdbcTemplate.update(JdbcTemplate.java:927)
	at com.alibaba.nacos.config.server.utils.PaginationHelper.updateLimit(PaginationHelper.java:211)
	at com.alibaba.nacos.config.server.service.PersistService.removeConfigHistory(PersistService.java:934)
	at com.alibaba.nacos.config.server.service.PersistService$$FastClassBySpringCGLIB$$21ae4232.invoke(<generated>)
	at org.springframework.cglib.proxy.MethodProxy.invoke(MethodProxy.java:218)
	at org.springframework.aop.framework.CglibAopProxy$CglibMethodInvocation.invokeJoinpoint(CglibAopProxy.java:749)
	at org.springframework.aop.framework.ReflectiveMethodInvocation.proceed(ReflectiveMethodInvocation.java:163)
	at org.springframework.dao.support.PersistenceExceptionTranslationInterceptor.invoke(PersistenceExceptionTranslationInterceptor.java:139)
	at org.springframework.aop.framework.ReflectiveMethodInvocation.proceed(ReflectiveMethodInvocation.java:186)
	at org.springframework.aop.framework.CglibAopProxy$DynamicAdvisedInterceptor.intercept(CglibAopProxy.java:688)
	at com.alibaba.nacos.config.server.service.PersistService$$EnhancerBySpringCGLIB$$258bbf1c.removeConfigHistory(<generated>)
	at com.alibaba.nacos.config.server.service.dump.DumpService$3.run(DumpService.java:112)
	at java.util.concurrent.Executors$RunnableAdapter.call(Executors.java:511)
	at java.util.concurrent.FutureTask.runAndReset(FutureTask.java:308)
	at java.util.concurrent.ScheduledThreadPoolExecutor$ScheduledFutureTask.access$301(ScheduledThreadPoolExecutor.java:180)
	at java.util.concurrent.ScheduledThreadPoolExecutor$ScheduledFutureTask.run(ScheduledThreadPoolExecutor.java:294)
	at java.util.concurrent.ThreadPoolExecutor.runWorker(ThreadPoolExecutor.java:1149)
	at java.util.concurrent.ThreadPoolExecutor$Worker.run(ThreadPoolExecutor.java:624)
	at java.lang.Thread.run(Thread.java:748)
Caused by: org.apache.commons.dbcp.SQLNestedException: Borrow prepareStatement from pool failed
	at org.apache.commons.dbcp.PoolingConnection.prepareStatement(PoolingConnection.java:113)
	at org.apache.commons.dbcp.DelegatingConnection.prepareStatement(DelegatingConnection.java:281)
	at org.apache.commons.dbcp.PoolingDataSource$PoolGuardConnectionWrapper.prepareStatement(PoolingDataSource.java:313)
	at org.springframework.jdbc.core.JdbcTemplate$SimplePreparedStatementCreator.createPreparedStatement(JdbcTemplate.java:1557)
	at org.springframework.jdbc.core.JdbcTemplate.execute(JdbcTemplate.java:615)
	... 21 common frames omitted
Caused by: java.sql.SQLSyntaxErrorException: Syntax error: Encountered "OFFSET" at line 1, column 52.
	at org.apache.derby.impl.jdbc.SQLExceptionFactory40.getSQLException(Unknown Source)
	at org.apache.derby.impl.jdbc.Util.generateCsSQLException(Unknown Source)
	at org.apache.derby.impl.jdbc.TransactionResourceImpl.wrapInSQLException(Unknown Source)
	at org.apache.derby.impl.jdbc.TransactionResourceImpl.handleException(Unknown Source)
	at org.apache.derby.impl.jdbc.EmbedConnection.handleException(Unknown Source)
	at org.apache.derby.impl.jdbc.ConnectionChild.handleException(Unknown Source)
	at org.apache.derby.impl.jdbc.EmbedPreparedStatement.<init>(Unknown Source)
	at org.apache.derby.impl.jdbc.EmbedPreparedStatement20.<init>(Unknown Source)
	at org.apache.derby.impl.jdbc.EmbedPreparedStatement30.<init>(Unknown Source)
	at org.apache.derby.impl.jdbc.EmbedPreparedStatement40.<init>(Unknown Source)
	at org.apache.derby.impl.jdbc.EmbedPreparedStatement42.<init>(Unknown Source)
	at org.apache.derby.jdbc.Driver42.newEmbedPreparedStatement(Unknown Source)
	at org.apache.derby.impl.jdbc.EmbedConnection.prepareStatement(Unknown Source)
	at org.apache.derby.impl.jdbc.EmbedConnection.prepareStatement(Unknown Source)
	at org.apache.commons.dbcp.PoolingConnection.makeObject(PoolingConnection.java:285)
	at org.apache.commons.pool.impl.GenericKeyedObjectPool.borrowObject(GenericKeyedObjectPool.java:1220)
	at org.apache.commons.dbcp.PoolingConnection.prepareStatement(PoolingConnection.java:107)
	... 25 common frames omitted
Caused by: org.apache.derby.impl.jdbc.EmbedSQLException: Syntax error: Encountered "OFFSET" at line 1, column 52.
	at org.apache.derby.impl.jdbc.SQLExceptionFactory.getSQLException(Unknown Source)
	at org.apache.derby.impl.jdbc.SQLExceptionFactory40.wrapArgsForTransportAcrossDRDA(Unknown Source)
	... 42 common frames omitted
Caused by: org.apache.derby.iapi.error.StandardException: Syntax error: Encountered "OFFSET" at line 1, column 52.
	at org.apache.derby.iapi.error.StandardException.newException(Unknown Source)
	at org.apache.derby.impl.sql.compile.ParserImpl.parseStatement(Unknown Source)
	at org.apache.derby.impl.sql.GenericStatement.prepMinion(Unknown Source)
	at org.apache.derby.impl.sql.GenericStatement.prepare(Unknown Source)
	at org.apache.derby.impl.sql.conn.GenericLanguageConnectionContext.prepareInternalStatement(Unknown Source)
	... 36 common frames omitted
