2021-06-09 21:57:21,630 INFO DEFAULT_GROUP@@freshday-order is changed, add it to push queue.

2021-06-09 21:57:21,771 INFO DEFAULT_GROUP@@freshday-member is changed, add it to push queue.

2021-06-09 21:57:22,318 INFO DEFAULT_GROUP@@freshday-ware is changed, add it to push queue.

2021-06-09 21:57:23,509 INFO DEFAULT_GROUP@@freshday-auth-server is changed, add it to push queue.

2021-06-09 21:57:24,467 INFO DEFAULT_GROUP@@freshday-cart is changed, add it to push queue.

2021-06-09 21:57:24,717 INFO DEFAULT_GROUP@@freshday-product is changed, add it to push queue.

2021-06-09 21:57:25,753 INFO DEFAULT_GROUP@@freshday-gateway is changed, add it to push queue.

2021-06-09 21:57:25,868 INFO DEFAULT_GROUP@@renren-fast is changed, add it to push queue.

2021-06-09 21:57:46,822 INFO DEFAULT_GROUP@@freshday-member is changed, add it to push queue.

2021-06-09 21:57:49,759 INFO DEFAULT_GROUP@@freshday-product is changed, add it to push queue.

2021-06-09 21:57:51,551 INFO DEFAULT_GROUP@@freshday-member is changed, add it to push queue.

2021-06-09 21:57:51,551 INFO DEFAULT_GROUP@@freshday-member is changed, add it to push queue.

2021-06-09 21:57:52,370 INFO DEFAULT_GROUP@@freshday-ware is changed, add it to push queue.

2021-06-09 21:57:54,067 INFO DEFAULT_GROUP@@freshday-auth-server is changed, add it to push queue.

2021-06-09 21:57:55,793 INFO DEFAULT_GROUP@@freshday-gateway is changed, add it to push queue.

2021-06-09 21:57:56,663 INFO DEFAULT_GROUP@@freshday-order is changed, add it to push queue.

2021-06-09 21:57:59,508 INFO DEFAULT_GROUP@@freshday-cart is changed, add it to push queue.

2021-06-09 21:58:00,899 INFO DEFAULT_GROUP@@freshday-product is changed, add it to push queue.

2021-06-09 21:58:00,931 INFO DEFAULT_GROUP@@renren-fast is changed, add it to push queue.

2021-06-09 21:58:02,980 INFO DEFAULT_GROUP@@freshday-ware is changed, add it to push queue.

2021-06-09 21:58:07,184 INFO DEFAULT_GROUP@@freshday-order is changed, add it to push queue.

2021-06-09 21:58:07,184 INFO DEFAULT_GROUP@@freshday-order is changed, add it to push queue.

2021-06-09 21:58:09,635 INFO DEFAULT_GROUP@@freshday-cart is changed, add it to push queue.

2021-06-09 21:58:10,786 INFO DEFAULT_GROUP@@freshday-cart is changed, add it to push queue.

2021-06-09 21:58:10,817 INFO DEFAULT_GROUP@@freshday-gateway is changed, add it to push queue.

2021-06-09 21:58:10,958 INFO DEFAULT_GROUP@@renren-fast is changed, add it to push queue.

2021-06-09 21:58:13,931 INFO DEFAULT_GROUP@@freshday-gateway is changed, add it to push queue.

2021-06-09 21:58:20,775 INFO DEFAULT_GROUP@@renren-fast is changed, add it to push queue.

2021-06-09 22:00:42,124 INFO DEFAULT_GROUP@@freshday-member is changed, add it to push queue.

2021-06-09 22:00:46,048 INFO DEFAULT_GROUP@@freshday-gateway is changed, add it to push queue.

2021-06-09 22:00:46,157 INFO DEFAULT_GROUP@@renren-fast is changed, add it to push queue.

2021-06-09 22:00:46,850 INFO DEFAULT_GROUP@@freshday-order is changed, add it to push queue.

2021-06-09 22:00:47,664 INFO DEFAULT_GROUP@@freshday-ware is changed, add it to push queue.

2021-06-09 22:00:48,826 INFO DEFAULT_GROUP@@freshday-auth-server is changed, add it to push queue.

2021-06-09 22:00:48,998 INFO DEFAULT_GROUP@@freshday-product is changed, add it to push queue.

2021-06-09 22:00:49,926 INFO DEFAULT_GROUP@@freshday-cart is changed, add it to push queue.

2021-06-09 22:00:57,163 INFO DEFAULT_GROUP@@freshday-member is changed, add it to push queue.

2021-06-09 22:00:58,876 INFO DEFAULT_GROUP@@freshday-ware is changed, add it to push queue.

2021-06-09 22:01:01,088 INFO DEFAULT_GROUP@@freshday-gateway is changed, add it to push queue.

2021-06-09 22:01:01,197 INFO DEFAULT_GROUP@@renren-fast is changed, add it to push queue.

2021-06-09 22:01:01,876 INFO DEFAULT_GROUP@@freshday-order is changed, add it to push queue.

2021-06-09 22:01:03,843 INFO DEFAULT_GROUP@@freshday-auth-server is changed, add it to push queue.

2021-06-09 22:01:04,961 INFO DEFAULT_GROUP@@freshday-cart is changed, add it to push queue.

2021-06-09 22:01:17,691 INFO DEFAULT_GROUP@@freshday-ware is changed, add it to push queue.

2021-06-09 22:01:19,349 INFO DEFAULT_GROUP@@freshday-member is changed, add it to push queue.

2021-06-09 22:01:20,138 INFO DEFAULT_GROUP@@freshday-product is changed, add it to push queue.

2021-06-09 22:01:24,869 INFO DEFAULT_GROUP@@freshday-product is changed, add it to push queue.

2021-06-09 22:01:27,029 INFO DEFAULT_GROUP@@freshday-ware is changed, add it to push queue.

2021-06-09 22:01:31,292 INFO DEFAULT_GROUP@@freshday-order is changed, add it to push queue.

2021-06-09 22:01:34,664 INFO DEFAULT_GROUP@@freshday-cart is changed, add it to push queue.

2021-06-09 22:01:37,834 INFO DEFAULT_GROUP@@freshday-gateway is changed, add it to push queue.

2021-06-09 22:01:43,795 INFO DEFAULT_GROUP@@freshday-auth-server is changed, add it to push queue.

2021-06-09 22:01:45,845 INFO DEFAULT_GROUP@@renren-fast is changed, add it to push queue.

2021-06-09 22:08:16,635 INFO DEFAULT_GROUP@@freshday-product is changed, add it to push queue.

2021-06-09 22:08:16,636 INFO serviceName: DEFAULT_GROUP@@freshday-product changed, schedule push for: 10.138.52.158:50419, agent: Nacos-Java-Client:v1.1.1, key: 10.138.52.158,50419,792521064633000

2021-06-09 22:08:16,636 INFO send udp packet: 10.138.52.158,50419,792521064633000

2021-06-09 22:08:16,642 INFO received ack: {"type": "push-ack", "lastRefTime":"792521064633000", "data":""} from: 10.138.52.158:, cost: 50419 ms, unacked: 6, total push: 0

2021-06-09 22:12:39,954 INFO DEFAULT_GROUP@@freshday-product is changed, add it to push queue.

2021-06-09 22:12:39,954 INFO serviceName: DEFAULT_GROUP@@freshday-product changed, schedule push for: 10.138.52.158:50419, agent: Nacos-Java-Client:v1.1.1, key: 10.138.52.158,50419,792784383460100

2021-06-09 22:12:39,955 INFO send udp packet: 10.138.52.158,50419,792784383460100

2021-06-09 22:12:39,956 INFO received ack: {"type": "push-ack", "lastRefTime":"792784383460100", "data":""} from: 10.138.52.158:, cost: 50419 ms, unacked: 1, total push: 0

2021-06-09 22:14:14,773 INFO DEFAULT_GROUP@@freshday-product is changed, add it to push queue.

2021-06-09 22:14:14,773 INFO serviceName: DEFAULT_GROUP@@freshday-product changed, schedule push for: 10.138.52.158:50419, agent: Nacos-Java-Client:v1.1.1, key: 10.138.52.158,50419,792879202028900

2021-06-09 22:14:14,774 INFO send udp packet: 10.138.52.158,50419,792879202028900

2021-06-09 22:14:14,774 INFO received ack: {"type": "push-ack", "lastRefTime":"792879202028900", "data":""} from: 10.138.52.158:, cost: 50419 ms, unacked: 0, total push: 0

2021-06-09 22:14:52,807 INFO DEFAULT_GROUP@@freshday-product is changed, add it to push queue.

2021-06-09 22:14:52,807 INFO serviceName: DEFAULT_GROUP@@freshday-product changed, schedule push for: 10.138.52.158:50419, agent: Nacos-Java-Client:v1.1.1, key: 10.138.52.158,50419,792917236831100

2021-06-09 22:14:52,808 INFO send udp packet: 10.138.52.158,50419,792917236831100

2021-06-09 22:14:52,809 INFO received ack: {"type": "push-ack", "lastRefTime":"792917236831100", "data":""} from: 10.138.52.158:, cost: 50419 ms, unacked: 1, total push: 0

2021-06-09 22:16:32,609 INFO DEFAULT_GROUP@@renren-fast is changed, add it to push queue.

2021-06-09 22:16:32,609 INFO DEFAULT_GROUP@@renren-fast is changed, add it to push queue.

2021-06-09 22:16:33,377 INFO DEFAULT_GROUP@@freshday-order is changed, add it to push queue.

2021-06-09 22:16:33,770 INFO DEFAULT_GROUP@@freshday-member is changed, add it to push queue.

2021-06-09 22:16:34,160 INFO DEFAULT_GROUP@@freshday-ware is changed, add it to push queue.

2021-06-09 22:16:36,532 INFO DEFAULT_GROUP@@freshday-cart is changed, add it to push queue.

2021-06-09 22:16:36,642 INFO DEFAULT_GROUP@@freshday-product is changed, add it to push queue.

2021-06-09 22:16:37,529 INFO DEFAULT_GROUP@@freshday-gateway is changed, add it to push queue.

2021-06-09 22:16:40,302 INFO DEFAULT_GROUP@@freshday-auth-server is changed, add it to push queue.

